<?xml version="1.0" encoding="UTF-8"?>
<coverage generated="1749182375636" clover="3.2.0">
  <project timestamp="1749182375636" name="All files">
    <metrics statements="9" coveredstatements="8" conditionals="0" coveredconditionals="0" methods="4" coveredmethods="3" elements="13" coveredelements="11" complexity="0" loc="9" ncloc="9" packages="1" files="4" classes="4"/>
    <file name="matchers_5.js" path="D:\react projects\testing\unitTest_study\matchers_5.js">
      <metrics statements="2" coveredstatements="2" conditionals="0" coveredconditionals="0" methods="0" coveredmethods="0"/>
      <line num="1" count="1" type="stmt"/>
      <line num="4" count="1" type="stmt"/>
    </file>
    <file name="mock.js" path="D:\react projects\testing\unitTest_study\mock.js">
      <metrics statements="2" coveredstatements="1" conditionals="0" coveredconditionals="0" methods="1" coveredmethods="0"/>
      <line num="2" count="0" type="stmt"/>
      <line num="5" count="1" type="stmt"/>
    </file>
    <file name="say.js" path="D:\react projects\testing\unitTest_study\say.js">
      <metrics statements="2" coveredstatements="2" conditionals="0" coveredconditionals="0" methods="1" coveredmethods="1"/>
      <line num="3" count="1" type="stmt"/>
      <line num="6" count="1" type="stmt"/>
    </file>
    <file name="sum.js" path="D:\react projects\testing\unitTest_study\sum.js">
      <metrics statements="3" coveredstatements="3" conditionals="0" coveredconditionals="0" methods="2" coveredmethods="2"/>
      <line num="10" count="3" type="stmt"/>
      <line num="12" count="43" type="stmt"/>
      <line num="16" count="3" type="stmt"/>
    </file>
  </project>
</coverage>
