{"D:\\react projects\\testing\\unitTest_study\\matchers_5.js": {"path":"D:\\react projects\\testing\\unitTest_study\\matchers_5.js","statementMap":{"0":{"start":{"line":1,"column":16},"end":{"line":1,"column":27}},"1":{"start":{"line":4,"column":0},"end":{"line":4,"column":25}}},"fnMap":{},"branchMap":{},"s":{"0":1,"1":1},"f":{},"b":{},"_coverageSchema":"1a1c01bbd47fc00a2c39e90264f33305004495a9","hash":"e7cde3a4b619166609186d163ebcc572f36aa28f"}
,"D:\\react projects\\testing\\unitTest_study\\mock.js": {"path":"D:\\react projects\\testing\\unitTest_study\\mock.js","statementMap":{"0":{"start":{"line":2,"column":4},"end":{"line":2,"column":27}},"1":{"start":{"line":5,"column":0},"end":{"line":5,"column":26}}},"fnMap":{"0":{"name":"sayHello","decl":{"start":{"line":1,"column":9},"end":{"line":1,"column":17}},"loc":{"start":{"line":1,"column":24},"end":{"line":3,"column":1}},"line":1}},"branchMap":{},"s":{"0":0,"1":1},"f":{"0":0},"b":{},"_coverageSchema":"1a1c01bbd47fc00a2c39e90264f33305004495a9","hash":"8c330dc97527bcd17d410fd2036e8aaeb1c3a5c3"}
,"D:\\react projects\\testing\\unitTest_study\\say.js": {"path":"D:\\react projects\\testing\\unitTest_study\\say.js","statementMap":{"0":{"start":{"line":3,"column":8},"end":{"line":3,"column":33}},"1":{"start":{"line":6,"column":4},"end":{"line":6,"column":32}}},"fnMap":{"0":{"name":"sayGoodbye","decl":{"start":{"line":2,"column":13},"end":{"line":2,"column":23}},"loc":{"start":{"line":2,"column":26},"end":{"line":4,"column":5}},"line":2}},"branchMap":{},"s":{"0":1,"1":1},"f":{"0":1},"b":{},"_coverageSchema":"1a1c01bbd47fc00a2c39e90264f33305004495a9","hash":"b15616b2ecb46542756bd928782d189cb32c957f"}
,"D:\\react projects\\testing\\unitTest_study\\sum.js": {"path":"D:\\react projects\\testing\\unitTest_study\\sum.js","statementMap":{"0":{"start":{"line":10,"column":15},"end":{"line":13,"column":1}},"1":{"start":{"line":12,"column":4},"end":{"line":12,"column":45}},"2":{"start":{"line":12,"column":36},"end":{"line":12,"column":41}},"3":{"start":{"line":16,"column":0},"end":{"line":16,"column":24}}},"fnMap":{"0":{"name":"(anonymous_0)","decl":{"start":{"line":10,"column":15},"end":{"line":10,"column":16}},"loc":{"start":{"line":10,"column":31},"end":{"line":13,"column":1}},"line":10},"1":{"name":"(anonymous_1)","decl":{"start":{"line":12,"column":26},"end":{"line":12,"column":27}},"loc":{"start":{"line":12,"column":36},"end":{"line":12,"column":41}},"line":12}},"branchMap":{},"s":{"0":3,"1":35,"2":43,"3":3},"f":{"0":35,"1":43},"b":{},"_coverageSchema":"1a1c01bbd47fc00a2c39e90264f33305004495a9","hash":"9fb1d8810693cc63f0d082b974eb441dba362b3a"}
}
